2023-03-22 09:53:30.068378	controller.language	load_with_basic_highlighting	0.3079445850
2023-03-22 09:55:19.344938	controller.language	load_with_basic_highlighting	0.4020715290
2023-03-22 09:57:23.730446	controller.language	load_with_basic_highlighting	0.4523893820
2023-03-22 10:07:13.916416	controller.language	load_with_basic_highlighting	0.4609520050
2023-03-22 10:19:13.286396	controller.language	load_with_basic_highlighting	0.4162381990
2023-03-22 10:29:26.554860	controller.language	load_with_basic_highlighting	0.4426137060
2023-03-22 10:42:16.997809	controller.language	load_with_basic_highlighting	0.4594658390
2023-03-22 11:01:58.708263	controller.language	load_with_basic_highlighting	0.1246600830
2023-03-22 12:14:19.348652	controller.language	load_with_basic_highlighting	0.0086905190
2023-03-22 12:14:24.031515	controller.language	load_with_basic_highlighting	0.1071011850
2023-03-22 12:15:16.015827	controller.language	load_with_basic_highlighting	0.0839731890
2023-03-22 12:16:22.751861	controller.language	load_with_basic_highlighting	0.0916966890
2023-03-22 12:18:58.800004	controller.language	load_with_basic_highlighting	0.1759296420
2023-03-22 12:19:36.723750	controller.language	capitalize_syntax	0.1379612810
2023-03-22 12:20:16.491032	controller.language	load_with_basic_highlighting	0.1788548930
2023-03-22 12:26:17.199432	controller.language	load_with_basic_highlighting	0.1743214620
2023-03-22 12:28:00.097015	controller.language	load_with_basic_highlighting	0.1754192340
2023-03-22 12:28:25.359557	controller.language	capitalize_syntax	0.1474751820
2023-03-22 12:35:24.844417	controller.language	load_with_basic_highlighting	0.1717747010
2023-03-22 12:37:36.599382	controller.language	load_with_basic_highlighting	0.1780270610
2023-03-22 12:37:40.569637	controller.language	capitalize_syntax	0.1409695720
2023-03-22 12:37:47.901466	controller.language	load_with_basic_highlighting	0.1758978200
2023-03-22 12:37:51.168714	controller.language	capitalize_syntax	0.1094109120
2023-03-22 12:41:38.317108	controller.language	load_with_basic_highlighting	0.1747710980
2023-03-22 12:41:47.207905	controller.language	capitalize_syntax	0.1091336890
2023-03-22 12:41:57.267838	controller.language	load_with_basic_highlighting	0.0870391720
2023-03-22 12:43:36.036235	controller.language	load_with_basic_highlighting	0.0974333920
2023-03-22 12:43:41.393597	controller.language	load_with_basic_highlighting	0.1503758920
2023-03-22 13:49:49.114934	controller.language	load_with_basic_highlighting	0.1490041040
2023-03-22 13:50:28.545762	controller.language	load_with_basic_highlighting	0.1405537230
2023-03-22 14:02:02.866949	controller.language	load_with_basic_highlighting	0.1593615860
2023-03-22 14:08:03.208465	controller.language	load_with_basic_highlighting	0.1612425450
2023-03-22 14:13:43.737112	controller.language	load_with_basic_highlighting	0.1397239590
2023-03-22 14:16:25.554896	controller.language	load_with_basic_highlighting	0.1358179510
2023-03-22 14:16:36.438579	controller.language	load_with_basic_highlighting	0.1364444460
2023-03-22 14:16:59.530713	controller.language	load_with_basic_highlighting	0.1406161720
2023-03-22 14:20:12.230639	controller.language	load_with_basic_highlighting	0.1371136200
2023-03-22 14:20:47.327545	controller.language	load_with_basic_highlighting	0.1307497990
2023-03-22 14:21:58.954130	controller.language	load_with_basic_highlighting	0.2105718990
2023-03-22 14:22:30.329702	controller.language	load_with_basic_highlighting	0.1534723180
2023-03-22 14:23:21.135607	controller.language	load_with_basic_highlighting	0.1443392320
2023-03-22 14:23:40.422785	controller.language	load_with_basic_highlighting	0.1421945140
2023-03-22 14:23:57.611918	controller.language	load_with_basic_highlighting	0.1500594330
2023-03-22 14:24:15.561113	controller.language	load_with_basic_highlighting	0.1338042620
2023-03-22 14:27:52.459591	controller.language	load_with_basic_highlighting	0.1441828350
2023-03-22 14:28:19.373201	controller.language	load_with_basic_highlighting	0.1727269880
2023-03-22 14:28:35.722891	controller.language	load_with_basic_highlighting	0.1269664110
2023-03-22 14:28:59.719366	controller.language	load_with_basic_highlighting	0.1423674130
2023-03-22 14:29:09.955167	controller.language	load_with_basic_highlighting	0.1344806040
2023-03-22 15:43:27.038779	controller.language	load_with_basic_highlighting	0.1217927660
2023-03-22 15:44:55.814337	controller.language	load_with_basic_highlighting	0.1239106150
2023-03-22 15:45:40.911136	controller.language	load_with_basic_highlighting	0.1189346780
2023-03-22 15:46:24.487078	controller.language	load_with_basic_highlighting	0.1213908500
2023-03-22 15:46:45.413307	controller.language	load_with_basic_highlighting	0.1192684100
2023-03-22 15:46:59.700543	controller.language	load_with_basic_highlighting	0.1217968930
2023-03-22 15:47:55.878430	controller.language	load_with_basic_highlighting	0.1197900770
2023-03-22 15:48:07.063922	controller.language	load_with_basic_highlighting	0.1198125300
2023-03-22 15:49:35.820426	controller.language	load_with_basic_highlighting	0.1206279290
2023-03-22 15:50:51.855480	controller.language	load_with_basic_highlighting	0.1192466510
2023-03-22 15:54:46.453169	controller.language	load_with_basic_highlighting	0.4472201820
2023-03-22 15:55:28.500995	controller.language	load_with_basic_highlighting	0.4474920640
2023-03-22 15:55:59.377408	controller.language	load_with_basic_highlighting	0.4130091220
2023-03-22 15:56:29.311998	controller.language	load_with_basic_highlighting	0.3974773660
2023-03-22 15:59:00.085516	controller.language	load_with_basic_highlighting	0.4710945960
2023-03-22 16:00:30.966095	controller.language	load_with_basic_highlighting	0.7168225160
2023-03-22 16:00:58.492939	controller.language	load_with_basic_highlighting	0.6532346070
2023-03-22 16:02:59.057508	controller.language	load_with_basic_highlighting	0.6575689570
2023-03-22 16:13:00.527501	controller.language	load_with_basic_highlighting	0.6742672760
2023-03-22 16:17:17.481467	controller.language	load_with_basic_highlighting	0.6585366510
2023-03-22 16:18:56.726808	controller.language	load_with_basic_highlighting	0.6844335600
2023-03-22 16:20:08.689146	controller.language	load_with_basic_highlighting	0.5808816180
2023-03-22 16:22:12.396869	controller.language	load_with_basic_highlighting	0.5865587530
2023-03-22 16:31:28.533998	controller.language	load_with_basic_highlighting	0.6892999030
2023-03-22 16:37:26.625854	controller.language	load_with_basic_highlighting	0.6150992910
2023-03-22 16:39:33.039101	controller.language	load_with_basic_highlighting	0.6274465720
2023-03-22 16:40:54.905431	controller.language	load_with_basic_highlighting	0.5884768550
2023-03-22 16:43:08.359672	controller.language	load_with_basic_highlighting	0.6391676830
2023-03-22 16:44:49.236856	controller.language	load_with_basic_highlighting	0.5852935820
2023-03-22 16:46:54.881344	controller.language	load_with_basic_highlighting	0.6155040770
2023-03-22 16:46:59.527492	controller.language	load_with_basic_highlighting	0.5606557770
2023-03-22 17:03:53.106711	controller.language	load_with_basic_highlighting	0.6198433610
2023-03-22 17:03:56.853682	controller.language	load_with_basic_highlighting	0.5390379180
2023-03-22 17:05:15.520902	controller.language	load_with_basic_highlighting	0.5648056570
2023-03-22 17:05:46.515611	controller.language	load_with_basic_highlighting	0.3793548770
2023-03-22 17:07:20.187940	controller.language	load_with_basic_highlighting	0.3983358610
2023-03-22 17:07:51.962556	controller.language	load_with_basic_highlighting	0.4394656950
2023-03-22 17:08:25.284065	controller.language	load_with_basic_highlighting	0.3736820460
2023-03-22 17:09:12.753359	controller.language	load_with_basic_highlighting	0.3828451960
2023-03-22 17:09:44.508784	controller.language	load_with_basic_highlighting	0.3789370770
2023-03-22 17:11:23.583017	controller.language	load_with_basic_highlighting	0.3771094930
2023-03-22 17:18:23.292848	controller.language	load_with_basic_highlighting	0.3747754250
2023-03-22 17:18:42.285168	controller.language	load_with_basic_highlighting	0.3750101650
2023-03-22 17:22:56.767878	controller.language	load_with_basic_highlighting	0.4030142230
2023-03-22 17:23:15.733450	controller.language	load_with_basic_highlighting	0.3746045950
2023-03-22 17:23:57.765676	controller.language	load_with_basic_highlighting	0.3729474110
2023-03-22 17:32:08.165693	controller.language	load_with_basic_highlighting	0.4250484650
2023-03-22 17:32:14.979323	controller.language	load_with_basic_highlighting	0.3885243810
2023-03-22 17:34:45.323717	controller.language	load_with_basic_highlighting	0.3765231510
2023-03-22 17:35:30.667734	controller.language	load_with_basic_highlighting	0.3790304560
2023-03-22 17:40:38.832028	controller.language	load_with_basic_highlighting	0.3771847930
2023-03-22 17:40:43.040439	controller.language	load_with_basic_highlighting	0.3794877040
2023-03-22 17:41:58.521728	controller.language	load_with_basic_highlighting	0.3826283330
2023-03-22 17:42:12.678400	controller.language	load_with_basic_highlighting	0.3728472850
2023-03-22 17:42:30.850011	controller.language	load_with_basic_highlighting	0.4557476710
2023-03-22 17:42:33.078032	controller.language	load_with_basic_highlighting	0.3774803810
2023-03-22 17:46:33.117533	controller.language	load_with_basic_highlighting	0.3835087290
2023-03-22 17:46:37.663376	controller.language	load_with_basic_highlighting	0.4553706910
2023-03-22 17:48:20.282513	controller.language	load_with_basic_highlighting	0.4019314250
2023-03-22 17:48:23.808697	controller.language	load_with_basic_highlighting	0.3744134560
2023-03-22 18:00:35.269632	controller.language	load_with_basic_highlighting	0.4470200950
2023-03-22 18:00:40.682720	controller.language	load_with_basic_highlighting	0.4316401070
2023-03-22 18:03:44.056674	controller.language	load_with_basic_highlighting	0.3799973100
2023-03-22 18:03:46.181261	controller.language	load_with_basic_highlighting	0.3831912420
2023-03-22 18:04:33.321747	controller.language	load_with_basic_highlighting	0.4162870820
2023-03-22 18:04:39.665056	controller.language	load_with_basic_highlighting	0.3894089980
2023-03-22 18:05:59.963589	controller.language	load_with_basic_highlighting	0.3814813840
2023-03-22 18:06:03.402248	controller.language	load_with_basic_highlighting	0.3792194560
2023-03-22 18:10:53.059679	controller.language	load_with_basic_highlighting	0.4365883320
2023-03-22 18:10:57.655849	controller.language	load_with_basic_highlighting	0.3886496880
2023-03-22 18:12:23.993260	controller.language	load_with_basic_highlighting	0.3875505590
2023-03-22 18:12:28.951698	controller.language	load_with_basic_highlighting	0.3790380770
2023-03-22 18:13:12.950864	controller.language	load_with_basic_highlighting	0.3943705320
2023-03-22 18:13:16.886147	controller.language	load_with_basic_highlighting	0.3800270370
2023-03-22 20:03:21.454048	controller.language	load_with_basic_highlighting	0.3794194710
2023-03-22 20:22:15.391832	controller.language	load_with_basic_highlighting	0.3773686180
2023-03-22 20:26:18.549751	controller.language	load_with_basic_highlighting	0.3796840590
2023-03-22 20:26:23.326346	controller.language	load_with_basic_highlighting	0.3802711070
2023-03-22 20:27:51.717845	controller.language	load_with_basic_highlighting	0.3733508570
2023-03-22 20:29:50.462268	controller.language	load_with_basic_highlighting	0.3689033870
2023-03-22 20:56:44.567985	controller.language	load_with_basic_highlighting	0.3663883700
2023-03-22 20:56:55.396344	controller.language	load_with_basic_highlighting	0.4081567840
2023-03-22 20:56:57.393159	controller.language	load_with_basic_highlighting	0.3658426190
2023-03-22 20:57:55.189086	controller.language	load_with_basic_highlighting	0.3645046380
2023-03-22 20:57:59.417213	controller.language	load_with_basic_highlighting	0.3711599100
2023-03-22 20:59:32.552474	controller.language	load_with_basic_highlighting	0.3824143320
2023-03-22 20:59:34.728353	controller.language	load_with_basic_highlighting	0.3720761900
2023-03-22 21:02:37.628820	controller.language	load_with_basic_highlighting	0.3803214950
2023-03-22 21:05:48.225100	controller.language	load_with_basic_highlighting	0.3691509450
2023-03-22 21:05:51.779237	controller.language	load_with_basic_highlighting	0.3684447280
2023-03-22 21:07:52.335254	controller.language	load_with_basic_highlighting	0.3691832980
2023-03-22 21:08:41.350462	controller.language	load_with_basic_highlighting	0.0840328310
2023-03-22 21:08:54.176177	controller.language	capitalize_syntax	0.0370699370
2023-03-22 21:09:09.065797	controller.language	load_with_basic_highlighting	0.0845465570
2023-03-22 21:10:10.742852	controller.language	load_with_basic_highlighting	0.0826805530
2023-03-22 21:10:32.124417	controller.language	load_with_basic_highlighting	0.0839221800
2023-03-22 21:11:26.705442	controller.language	load_with_basic_highlighting	0.0852313460
2023-03-22 21:12:07.968059	controller.language	load_with_basic_highlighting	0.0855252620
2023-03-22 21:16:23.034054	controller.language	load_with_basic_highlighting	0.0839889500
2023-03-22 21:22:25.004911	controller.language	load_with_basic_highlighting	0.0826149290
2023-03-22 21:24:01.324229	controller.language	load_with_basic_highlighting	0.5047110080
2023-03-22 21:26:21.383266	controller.language	load_with_basic_highlighting	0.5194541650
2023-03-22 21:35:22.479326	controller.language	load_with_basic_highlighting	0.5067838840
2023-03-22 21:37:10.260070	controller.language	load_with_basic_highlighting	0.4917333100
2023-03-22 21:37:45.525886	controller.language	load_with_basic_highlighting	0.1074290090
2023-03-22 21:38:37.817295	controller.language	load_with_basic_highlighting	0.1026770820
2023-03-22 21:39:36.728262	controller.language	load_with_basic_highlighting	0.1017173880
2023-03-22 21:41:47.500532	controller.language	load_with_basic_highlighting	0.1014077510
2023-03-22 21:42:25.534717	controller.language	load_with_basic_highlighting	0.0969408120
2023-03-22 21:43:23.347712	controller.language	load_with_basic_highlighting	0.1051890800
2023-03-22 21:44:01.707913	controller.language	load_with_basic_highlighting	0.0936548840
2023-03-22 21:44:45.260408	controller.language	load_with_basic_highlighting	0.0947443600
2023-03-22 21:45:02.012625	controller.language	load_with_basic_highlighting	0.0940040710
2023-03-22 21:45:15.757527	controller.language	load_with_basic_highlighting	0.0956691600
2023-03-22 21:47:08.777575	controller.language	load_with_basic_highlighting	0.0948493520
2023-03-22 21:47:55.752828	controller.language	load_with_basic_highlighting	0.5052089830
2023-03-22 21:51:26.426815	controller.language	load_with_basic_highlighting	0.5033529150
2023-03-22 21:53:28.185832	controller.language	load_with_basic_highlighting	0.5570481410
2023-03-22 21:55:10.979287	controller.language	load_with_basic_highlighting	0.3584433250
2023-03-22 21:57:19.625122	controller.language	load_with_basic_highlighting	0.3619685050
2023-03-22 21:58:25.900224	controller.language	load_with_basic_highlighting	0.3521255650
2023-03-22 21:59:30.499032	controller.language	load_with_basic_highlighting	0.5032978210
2023-03-22 22:00:45.319492	controller.language	load_with_basic_highlighting	0.4885784750
2023-03-22 22:05:01.871339	controller.language	load_with_basic_highlighting	0.5036465570
2023-03-22 22:26:06.722608	controller.language	load_with_basic_highlighting	0.5025025110
2023-03-22 22:30:02.352032	controller.language	load_with_basic_highlighting	0.5204404930
2023-03-22 22:30:37.930889	controller.language	load_with_basic_highlighting	0.5062419000
2023-03-22 22:31:53.956988	controller.language	load_with_basic_highlighting	0.4982067220
2023-03-22 22:35:14.464575	controller.language	load_with_basic_highlighting	0.5211683910
2023-03-22 22:39:05.147827	controller.language	load_with_basic_highlighting	0.5318795480
2023-03-22 22:40:07.657770	controller.language	load_with_basic_highlighting	0.5290365160
2023-03-22 22:42:33.796903	controller.language	load_with_basic_highlighting	0.5803853020
2023-03-22 22:42:38.048182	controller.language	capitalize_syntax	0.3688764790
2023-03-22 22:43:38.891779	controller.language	load_with_basic_highlighting	0.5450301790
2023-03-22 22:43:54.633041	controller.language	capitalize_syntax	0.5116258670
2023-03-22 22:44:01.595407	controller.language	capitalize_syntax	0.4745313430
2023-03-22 22:45:43.938374	controller.language	load_with_basic_highlighting	0.5509407700
2023-03-22 22:45:48.036823	controller.language	capitalize_syntax	0.5790608870
2023-03-22 22:45:51.083184	controller.language	capitalize_syntax	0.5257425030
2023-03-22 22:46:11.772611	controller.language	load_with_basic_highlighting	0.5392380690
2023-03-22 22:46:14.237913	controller.language	capitalize_syntax	0.4654750260
2023-03-22 22:46:37.696699	controller.language	load_with_basic_highlighting	0.5255944100
2023-03-22 22:46:40.282286	controller.language	capitalize_syntax	0.5297665580
2023-03-22 22:46:47.595286	controller.language	capitalize_syntax	0.5180191650
2023-03-22 22:48:14.455140	controller.language	load_with_basic_highlighting	0.5625937210
2023-03-22 22:50:01.680741	controller.language	capitalize_syntax	0.5447329500
2023-03-22 22:51:45.568041	controller.language	load_with_basic_highlighting	0.6118902160
2023-03-22 22:52:36.965137	controller.language	load_with_basic_highlighting	0.5234848410
2023-03-22 22:54:15.393260	controller.language	load_with_basic_highlighting	0.5336205030
2023-03-23 08:10:33.063261	controller.language	load_with_basic_highlighting	0.5395070660
2023-03-23 08:34:55.603421	controller.language	syntax_on_file_load	0.0000016490
2023-03-23 09:06:45.212728	controller.language	syntax_on_command	0.5330720700
2023-03-23 09:09:57.159367	controller.language	syntax_on_command	0.3864994480
2023-03-23 09:10:55.174148	controller.language	syntax_on_command	0.3565101620
2023-03-23 09:12:28.844625	controller.language	syntax_on_command	0.5341635880
2023-03-23 09:14:00.524234	controller.language	syntax_on_command	0.5719884600
2023-03-23 09:17:41.064339	controller.translate	syntax_on_command	0.5382956980
2023-03-23 09:18:06.225225	controller.translate	syntax_on_command	0.5581490230
2023-03-23 09:19:38.060155	controller.translate	syntax_on_command	0.0817377420
2023-03-23 09:21:14.557663	controller.translate	syntax_on_command	0.0931091790
2023-03-23 09:22:41.309695	controller.translate	syntax_on_command	0.5081122710
2023-03-23 09:26:53.297226	controller.translate	syntax_on_command	0.4500437340
2023-03-23 09:30:58.758800	controller.translate	syntax_on_command	0.5185458260
2023-03-23 09:36:08.004451	controller.translate	syntax_on_command	0.4770080110
2023-03-23 09:42:31.678060	controller.translate	syntax_on_command	0.4731243750
2023-03-23 09:43:55.879519	controller.translate	syntax_on_command	0.4729397410
2023-03-23 09:51:46.852996	controller.translate	syntax_on_command	0.5240147740
2023-03-23 09:54:27.738756	controller.translate	syntax_on_command	0.5213673590
2023-03-23 09:57:09.367868	controller.translate	syntax_on_command	0.5250551360
2023-03-23 09:59:20.186148	controller.translate	syntax_on_command	0.4131306310
2023-03-23 10:00:19.128632	controller.translate	syntax_on_command	0.3902906080
2023-03-23 10:02:33.659378	controller.translate	syntax_on_command	0.4928335480
2023-03-23 10:05:01.446345	controller.translate	syntax_on_command	0.5309497310
2023-03-23 10:08:42.370448	controller.translate	syntax_on_command	0.5669857760
2023-03-23 10:10:15.850970	controller.translate	syntax_on_command	0.5147039110
2023-03-23 10:10:41.461498	controller.translate	syntax_on_command	0.0880199490
2023-03-23 10:12:19.437912	controller.translate	syntax_on_command	0.0874400680
2023-03-23 10:14:59.965422	controller.translate	syntax_on_command	0.1267899540
2023-03-23 10:15:43.337807	controller.translate	syntax_on_command	0.1236483960
2023-03-23 10:17:04.198654	controller.translate	syntax_on_command	0.0903368610
2023-03-23 10:17:52.352033	controller.translate	syntax_on_command	0.1228242770
2023-03-23 10:20:41.790702	controller.translate	syntax_on_command	0.1207555380
2023-03-23 10:21:14.142505	controller.translate	syntax_on_command	0.0977232940
2023-03-23 10:25:20.504818	controller.translate	syntax_on_command	0.1262732600
2023-03-23 10:27:56.675153	controller.translate	syntax_on_command	0.0894063610
2023-03-23 10:30:21.679495	controller.translate	syntax_on_command	0.1232669570
2023-03-23 10:31:46.260867	controller.translate	syntax_on_command	0.1235742030
2023-03-23 10:33:30.672235	controller.translate	syntax_on_file_load	0.0837382030
2023-03-23 10:35:21.736098	controller.translate	syntax_on_file_load	0.0859943420
2023-03-23 10:36:09.986284	controller.translate	syntax_on_file_load	0.0844831740
2023-03-23 11:02:47.971810	controller.translate	syntax_on_file_load	0.0839051600
2023-03-23 11:10:29.607786	controller.translate	syntax_on_file_load	0.0858690720
2023-03-23 11:11:27.805124	controller.translate	syntax_on_command	0.4851300270
2023-03-23 11:20:01.257058	controller.translate	syntax_on_file_load	0.0974134110
2023-03-23 11:28:02.311826	controller.translate	syntax_on_file_load	0.0932812560
2023-03-23 11:29:12.461691	controller.translate	syntax_on_file_load	0.5505274320
2023-03-23 11:33:12.941712	controller.translate	syntax_on_file_load	0.5569609670
2023-03-23 11:34:19.160459	controller.translate	syntax_on_file_load	0.5519649160
2023-03-23 11:35:15.747795	controller.translate	syntax_on_command	0.0489195730
2023-03-23 11:37:18.353265	controller.translate	syntax_on_command	0.0657279110
2023-03-23 11:44:04.223344	controller.translate	syntax_on_file_load	0.0990709170
2023-03-23 11:45:16.862199	controller.translate	syntax_on_file_load	0.0996724080
2023-03-23 11:45:55.050305	controller.translate	syntax_on_file_load	0.1043550120
2023-03-23 11:46:43.309117	controller.translate	syntax_on_file_load	0.0993079840
2023-03-23 11:55:42.741718	controller.translate	syntax_on_file_load	0.1036786110
2023-03-23 11:57:54.560368	controller.translate	syntax_on_file_load	0.0841242610
2023-03-23 11:59:47.306743	controller.translate	syntax_on_file_load	0.0851118370
2023-03-23 12:04:16.767365	controller.translate	syntax_on_file_load	0.0844824080
2023-03-23 12:05:30.295773	controller.translate	syntax_on_file_load	0.0840920960
2023-03-23 12:06:41.709336	controller.translate	syntax_on_file_load	0.0859964500
2023-03-23 12:08:23.951568	controller.translate	syntax_on_file_load	0.1011839940
2023-03-23 12:09:13.156961	controller.translate	syntax_on_file_load	0.1051727950
2023-03-23 12:09:45.429258	controller.translate	syntax_on_file_load	0.1018380200
2023-03-23 12:10:11.698122	controller.translate	syntax_on_file_load	0.1057750570
2023-03-23 12:12:40.134382	controller.translate	syntax_on_file_load	0.1106780100
2023-03-23 12:16:51.018146	controller.translate	syntax_on_file_load	0.1062069380
2023-03-23 12:20:18.155291	controller.translate	syntax_on_file_load	0.1112758650
2023-03-23 12:21:06.199543	controller.translate	syntax_on_file_load	0.1056420760
2023-03-23 12:26:14.754731	controller.translate	syntax_on_file_load	0.1039367560
2023-03-23 12:27:07.079257	controller.translate	syntax_on_file_load	0.1032576980
2023-03-23 12:27:44.789375	controller.translate	syntax_on_command	0.0089209300
2023-03-23 12:27:54.501044	controller.translate	syntax_on_command	0.0059222800
2023-03-23 12:28:13.818691	controller.translate	syntax_on_file_load	0.0808529100
2023-03-23 12:28:54.086603	controller.translate	syntax_on_file_load	0.0833004390
2023-03-23 12:29:09.582356	controller.translate	syntax_on_file_load	0.0831460660
2023-03-23 12:32:31.512082	controller.translate	syntax_on_file_load	0.1646402890
2023-03-23 12:34:50.563901	controller.translate	syntax_on_file_load	0.1623054910
2023-03-23 12:48:02.983836	controller.translate	syntax_on_command	0.0069016740
2023-03-23 12:49:25.834930	controller.translate	syntax_on_command	0.0167111800
2023-03-23 12:49:53.389201	controller.translate	syntax_on_command	0.0069642960
2023-03-23 12:51:40.297251	controller.translate	syntax_on_file_load	0.1579325200
2023-03-23 12:51:53.524710	controller.translate	syntax_on_command	0.0077687930
2023-03-23 12:53:39.014906	controller.translate	syntax_on_file_load	0.1567192930
2023-03-23 13:00:23.360662	controller.translate	syntax_on_file_load	0.1544480450
2023-03-23 13:00:33.966499	controller.translate	syntax_on_command	0.0181853860
2023-03-23 13:01:18.756160	controller.translate	syntax_on_file_load	0.1549012670
2023-03-23 13:01:28.052989	controller.translate	syntax_on_command	0.0062865640
2023-03-23 13:02:01.752162	controller.translate	syntax_on_file_load	0.1566820540
2023-03-23 13:02:11.307157	controller.translate	syntax_on_file_load	0.0807607470
2023-03-23 13:02:30.016777	controller.translate	syntax_on_file_load	0.0801881060
2023-03-23 13:04:54.592406	controller.translate	syntax_on_file_load	0.0790735780
2023-03-23 13:09:56.528872	controller.translate	syntax_on_file_load	0.0754199440
2023-03-23 13:10:40.814523	controller.translate	syntax_on_file_load	0.0763915760
2023-03-23 13:12:05.703950	controller.translate	syntax_on_file_load	0.0757398030
2023-03-23 13:13:12.641500	controller.translate	syntax_on_file_load	0.0867968000
2023-03-23 13:13:19.534944	controller.translate	syntax_on_file_load	0.0779456190
2023-03-23 13:19:49.618326	controller.translate	syntax_on_file_load	0.0800512430
2023-03-23 13:20:41.869782	controller.translate	syntax_on_file_load	0.0803850800
2023-03-23 13:21:25.489111	controller.translate	syntax_on_file_load	0.0789358870
2023-03-23 13:23:04.747262	controller.translate	syntax_on_file_load	0.0814398250
2023-03-23 13:24:29.073070	controller.translate	syntax_on_file_load	0.0812569810
2023-03-23 13:24:39.572405	controller.translate	syntax_on_file_load	0.0827401700
2023-03-23 13:34:39.959477	controller.translate	syntax_on_file_load	0.0810635740
2023-03-23 13:35:50.466460	controller.translate	syntax_on_file_load	0.0815937520
2023-03-23 13:36:02.139067	controller.translate	syntax_on_file_load	0.0807127150
2023-03-23 13:36:14.912964	controller.translate	syntax_on_file_load	0.0792855650
2023-03-23 13:36:34.417371	controller.translate	syntax_on_file_load	0.0827146660
2023-03-23 13:38:20.018293	controller.translate	syntax_on_file_load	0.0821439880
2023-03-23 13:39:23.141999	controller.translate	syntax_on_file_load	0.0826598240
2023-03-23 13:41:00.586339	controller.translate	syntax_on_file_load	0.0806373700
2023-03-23 13:42:30.210494	controller.translate	syntax_on_file_load	0.0817056740
2023-03-23 13:47:43.365316	controller.translate	syntax_on_command	0.0103051670
2023-03-23 13:48:25.520290	controller.translate	syntax_on_file_load	0.0812203800
2023-03-23 13:48:29.108008	controller.translate	syntax_on_command	0.0100944890
2023-03-23 13:51:02.218769	controller.translate	syntax_on_file_load	0.0822979870
2023-03-23 13:51:16.610293	controller.translate	syntax_on_file_load	0.0816103500
2023-03-23 13:56:34.338063	controller.translate	syntax_on_file_load	0.0832707530
2023-03-23 13:57:30.750486	controller.translate	syntax_on_file_load	0.0820369590
2023-03-23 13:58:58.471950	controller.translate	syntax_on_command	0.1440104630
2023-03-23 14:03:25.640756	controller.translate	syntax_on_file_load	0.1853186330
2023-03-23 14:04:59.866913	controller.translate	syntax_on_file_load	0.1486831910
2023-03-23 14:08:26.423886	controller.translate	syntax_on_file_load	0.1499513630
2023-03-23 14:09:07.126096	controller.translate	syntax_on_file_load	0.1482564830
2023-03-23 14:09:11.046400	controller.translate	syntax_on_command	0.0528298470
2023-03-23 14:12:26.173328	controller.translate	syntax_on_file_load	0.1471879210
2023-03-23 14:18:31.109895	controller.translate	syntax_on_file_load	0.1021118700
2023-03-23 14:19:43.685216	controller.translate	syntax_on_file_load	0.1025966840
2023-03-23 14:20:24.528097	controller.translate	syntax_on_file_load	0.1016373470
2023-03-23 14:21:48.367000	controller.translate	syntax_on_file_load	0.1011114510
2023-03-23 14:22:05.434751	controller.translate	syntax_on_file_load	0.1012671930
2023-03-23 14:22:20.463549	controller.translate	syntax_on_command	0.1420570780
2023-03-23 14:31:33.611497	controller.translate	syntax_on_file_load	0.1869584680
2023-03-23 14:32:43.752732	controller.translate	syntax_on_file_load	0.1900561790
2023-03-23 14:33:43.198990	controller.translate	syntax_on_file_load	0.1937297890
2023-03-23 14:38:48.074909	controller.translate	syntax_on_file_load	0.1873440360
2023-03-23 14:39:18.659736	controller.translate	syntax_on_file_load	0.1759872280
2023-03-23 14:39:24.624916	controller.translate	syntax_on_file_load	0.1773254980
2023-03-23 14:39:46.665246	controller.translate	syntax_on_file_load	0.1777556020
2023-03-23 14:41:30.366432	controller.translate	syntax_on_file_load	0.1788649850
2023-03-23 14:42:26.213543	controller.translate	syntax_on_file_load	0.1889156340
2023-03-23 15:47:58.734973	controller.translate	syntax_on_file_load	0.1889736390
2023-03-23 16:30:31.536271	controller.translate	syntax_on_file_load	0.1899953020
2023-03-23 16:47:37.718261	controller.translate	syntax_on_file_load	0.1919274250
2023-03-23 16:48:35.205599	controller.translate	syntax_on_command	0.1623246500
2023-03-23 16:50:01.571301	controller.translate	syntax_on_file_load	0.1923221490
2023-03-23 16:50:42.902717	controller.translate	syntax_on_file_load	0.1934162060
2023-03-23 16:57:24.004369	controller.translate	syntax_on_file_load	0.1901584740
2023-03-23 17:31:55.204936	controller.translate	syntax_on_file_load	0.1921997920
2023-03-23 17:34:15.851506	controller.translate	syntax_on_file_load	0.1691558320
2023-03-23 17:34:29.259596	controller.translate	syntax_on_file_load	0.0963820880
2023-03-23 17:35:02.394143	controller.translate	syntax_on_file_load	0.0968880590
2023-03-23 17:36:04.642818	controller.translate	syntax_on_file_load	0.0981940300
2023-03-23 17:36:25.667268	controller.translate	syntax_on_file_load	0.0951039900
2023-03-23 17:37:50.997068	controller.translate	syntax_on_file_load	0.0935826990
2023-03-23 17:38:12.736476	controller.translate	syntax_on_file_load	0.0977490490
2023-03-23 17:38:56.004506	controller.translate	syntax_on_file_load	0.5949835680
2023-03-23 17:39:54.867515	controller.translate	syntax_on_file_load	0.5605433380
2023-03-23 17:43:34.100268	controller.translate	syntax_on_file_load	0.6407940120
2023-03-23 17:45:40.703145	controller.translate	syntax_on_file_load	0.5506285550
2023-03-23 17:47:04.590648	controller.translate	syntax_on_file_load	0.5600254800
2023-03-23 17:49:46.485627	controller.translate	syntax_on_file_load	0.1920971820
2023-03-23 17:51:25.212035	controller.translate	syntax_on_file_load	0.1844576630
2023-03-23 17:51:52.427404	controller.translate	syntax_on_file_load	0.5580105030
2023-03-23 19:51:11.573586	controller.translate	syntax_on_file_load	0.5530595350
2023-03-23 19:56:00.367542	controller.translate	syntax_on_file_load	0.5582392990
2023-03-23 20:29:50.276274	controller.translate	syntax_on_file_load	0.5843327400
2023-03-23 20:32:42.056520	controller.translate	syntax_on_file_load	0.5626612800
2023-03-23 20:48:29.692160	controller.translate	syntax_on_file_load	0.5573933600
2023-03-23 20:48:52.639765	controller.translate	syntax_on_file_load	0.5585429750
2023-03-23 20:49:04.293710	controller.translate	syntax_on_command	0.1993000550
2023-03-23 20:50:58.793950	controller.translate	syntax_on_file_load	0.5609722350
2023-03-23 20:55:45.475999	controller.translate	syntax_on_file_load	0.8873843260
2023-03-23 20:56:59.687931	controller.translate	syntax_on_file_load	0.5633458090
2023-03-23 20:57:18.581638	controller.translate	syntax_on_file_load	0.5519223960
2023-03-23 21:01:43.375786	controller.translate	syntax_on_file_load	0.5717875960
2023-03-23 21:02:14.366156	controller.translate	syntax_on_file_load	0.5331981140
2023-03-23 21:02:33.733904	controller.translate	syntax_on_file_load	0.5201414470
2023-03-23 21:04:06.445982	controller.translate	syntax_on_file_load	0.5447464280
2023-03-23 21:11:43.248452	controller.translate	syntax_on_file_load	0.5527517820
2023-03-24 08:04:13.177035	controller.translate	syntax_on_file_load	0.5514639400
2023-03-24 08:16:13.635232	controller.translate	syntax_on_command	0.1769000920
2023-03-24 09:39:55.941037	controller.translate	syntax_on_file_load	0.5488603690
2023-03-24 09:40:56.624967	controller.translate	syntax_on_command	0.2036965380
2023-03-24 09:41:50.418568	controller.translate	syntax_on_file_load	0.5342421920
2023-03-24 11:30:33.808719	controller.translate	syntax_on_file_load	0.5453266470
2023-03-24 11:32:01.037092	controller.translate	syntax_on_command	0.2196764370
2023-03-24 11:32:26.451390	controller.translate	syntax_on_file_load	0.5303878280
2023-03-24 11:32:37.768289	controller.translate	syntax_on_command	0.1786828660
2023-03-24 11:38:44.131460	controller.translate	syntax_on_command	0.5475320730
2023-03-24 11:38:51.916345	controller.translate	syntax_on_command	0.2187199230
2023-03-24 11:44:25.354289	controller.translate	syntax_on_command	0.5845716600
2023-03-24 11:44:26.701916	controller.translate	syntax_on_command	0.1776403720
2023-03-24 11:49:33.990594	controller.translate	syntax_on_command	0.5560011360
2023-03-24 11:49:35.521616	controller.translate	syntax_on_command	0.2236795930
2023-03-24 11:49:51.320953	controller.translate	syntax_on_command	0.5340792230
2023-03-24 12:07:36.974971	controller.translate	syntax_on_command	0.4548386400
2023-03-24 12:07:57.828471	controller.translate	syntax_on_command	0.0681695030
2023-03-24 12:08:29.711896	controller.translate	syntax_on_command	0.1564955490
2023-03-24 12:08:31.730332	controller.translate	syntax_on_command	0.0718364640
2023-03-24 12:08:54.019644	controller.translate	syntax_on_command	0.1177402520
2023-03-24 12:08:56.079941	controller.translate	syntax_on_command	0.0309701370
2023-03-24 12:09:48.347121	controller.translate	syntax_on_command	0.1132022310
2023-03-24 12:10:01.581291	controller.translate	syntax_on_command	0.0653377580
2023-03-24 12:10:14.657855	controller.translate	syntax_on_command	0.0262306200
2023-03-24 12:10:47.774164	controller.translate	syntax_on_command	0.0341848490
2023-03-24 12:11:03.920159	controller.translate	syntax_on_command	0.0262860240
2023-03-24 12:11:10.279277	controller.translate	syntax_on_command	0.0228982480
2023-03-24 12:11:41.010571	controller.translate	syntax_on_command	0.0508784460
2023-03-24 12:11:52.978746	controller.translate	syntax_on_command	0.0195343580
2023-03-24 12:12:02.021301	controller.translate	syntax_on_command	0.0361946620
2023-03-24 12:12:17.002598	controller.translate	syntax_on_command	0.0735398070
2023-03-24 12:12:30.222208	controller.translate	syntax_on_command	0.1160564180
2023-03-24 12:13:45.123526	controller.translate	syntax_on_command	0.0962475840
2023-03-24 12:14:00.175161	controller.translate	syntax_on_command	0.0138382440
2023-03-24 12:16:03.560466	controller.translate	syntax_on_file_load	0.0901838370
2023-03-24 12:18:53.694466	controller.translate	syntax_on_command	0.0107633230
2023-03-24 12:55:11.773621	controller.translate	static_syntax_formatting	0.0902615710
2023-03-24 12:55:20.150747	controller.translate	static_syntax_formatting	0.0344775000
2023-03-24 12:55:22.487052	controller.translate	static_syntax_formatting	0.0146389160
2023-03-24 12:57:44.023606	controller.translate	static_syntax_formatting	0.0910248840
2023-03-24 12:57:46.486724	controller.translate	static_syntax_formatting	0.0343605950
2023-03-24 12:57:47.190861	controller.translate	static_syntax_formatting	0.0111873590
2023-03-24 12:57:47.577263	controller.translate	static_syntax_formatting	0.0347081900
2023-03-24 12:57:47.988418	controller.translate	static_syntax_formatting	0.0351644750
2023-03-24 12:57:48.223352	controller.translate	static_syntax_formatting	0.0074577480
2023-03-24 12:57:48.591964	controller.translate	static_syntax_formatting	0.0106137600
2023-03-24 12:57:48.937323	controller.translate	static_syntax_formatting	0.0330102320
2023-03-24 12:57:49.201016	controller.translate	static_syntax_formatting	0.0107267500
2023-03-24 12:57:49.436951	controller.translate	static_syntax_formatting	0.0337515110
2023-03-24 12:57:49.774021	controller.translate	static_syntax_formatting	0.0356869920
2023-03-24 12:57:49.951265	controller.translate	static_syntax_formatting	0.0328854390
2023-03-24 12:57:50.110612	controller.translate	static_syntax_formatting	0.0344065580
2023-03-24 12:57:50.274914	controller.translate	static_syntax_formatting	0.0427765040
2023-03-24 12:57:50.430604	controller.translate	static_syntax_formatting	0.0343472830
2023-03-24 12:57:50.564445	controller.translate	static_syntax_formatting	0.0341844840
2023-03-24 12:57:50.713466	controller.translate	static_syntax_formatting	0.0334227660
2023-03-24 12:57:50.861041	controller.translate	static_syntax_formatting	0.0338237530
2023-03-24 12:57:51.009636	controller.translate	static_syntax_formatting	0.0345003040
2023-03-24 12:57:51.062408	controller.translate	static_syntax_formatting	0.0123806140
2023-03-24 12:59:46.534768	controller.translate	static_syntax_formatting	0.0910201740
2023-03-24 13:01:20.876766	controller.translate	static_syntax_formatting	0.0926880700
2023-03-24 13:26:14.456415	controller.translate	static_syntax_formatting	0.5672556480
2023-03-24 13:26:18.086094	controller.translate	static_syntax_formatting	0.5424564790
2023-03-24 13:26:21.100533	controller.translate	static_syntax_formatting	0.5473142370
2023-03-24 13:26:23.620148	controller.translate	static_syntax_formatting	0.6373834640
2023-03-24 13:26:26.082689	controller.translate	static_syntax_formatting	0.7381768690
2023-03-24 13:26:28.242968	controller.translate	static_syntax_formatting	0.5461557740
2023-03-24 13:26:30.193176	controller.translate	static_syntax_formatting	0.5520643690
2023-03-24 13:41:58.576284	controller.translate	static_syntax_formatting	0.8980161770
2023-03-24 13:43:57.374698	controller.translate	static_syntax_formatting	0.8906244050
2023-03-24 13:45:12.044616	controller.translate	static_syntax_formatting	0.8814041130
2023-03-24 13:45:42.517820	controller.translate	static_syntax_formatting	0.8925252980
2023-03-24 13:46:59.100402	controller.translate	static_syntax_formatting	0.9043476840
2023-03-24 13:47:46.124469	controller.translate	static_syntax_formatting	0.8920282310
2023-03-24 13:48:44.602528	controller.translate	static_syntax_formatting	0.8887525800
2023-03-24 13:49:26.996728	controller.translate	static_syntax_formatting	1.6876657540
2023-03-24 13:52:07.790288	controller.translate	static_syntax_formatting	1.6790075600
2023-03-24 13:56:13.139886	controller.translate	static_syntax_formatting	0.0875188970
2023-03-24 13:56:37.607981	controller.translate	static_syntax_formatting	2.3870655280
2023-03-24 13:57:43.381408	controller.translate	static_syntax_formatting	1.3848889320
2023-03-24 13:57:49.408219	controller.translate	static_syntax_formatting	1.2257071230
2023-03-24 14:02:27.499158	controller.translate	static_syntax_formatting	0.0872666560
2023-03-24 14:02:50.934409	controller.translate	static_syntax_formatting	0.0858028470
2023-03-24 14:02:59.298240	controller.translate	static_syntax_formatting	0.8662424910
2023-03-24 14:03:14.773207	controller.translate	static_syntax_formatting	0.0879330280
2023-03-24 14:06:42.466837	controller.translate	static_syntax_formatting	1.2094203750
2023-03-24 14:07:16.202423	controller.translate	static_syntax_formatting	0.8813990560
2023-03-24 14:09:36.669715	controller.translate	static_syntax_formatting	0.8842758500
2023-03-24 14:14:14.457342	controller.translate	static_syntax_formatting	0.8913424650
2023-03-24 14:22:25.112982	controller.translate	static_syntax_formatting	0.8830751410
2023-03-24 14:23:13.118359	controller.translate	static_syntax_formatting	0.8942591250
2023-03-24 14:23:43.234472	controller.translate	static_syntax_formatting	1.0757196500
2023-03-24 14:23:52.222710	controller.translate	static_syntax_formatting	0.8798234420
2023-03-24 14:24:08.408342	controller.translate	static_syntax_formatting	0.8816470540
2023-03-24 14:24:29.343038	controller.translate	static_syntax_formatting	0.8854998970
2023-03-24 14:29:07.199446	controller.translate	static_syntax_formatting	0.8774691800
2023-03-24 14:32:09.411466	controller.translate	static_syntax_formatting	0.8797494810
2023-03-24 14:32:43.408136	controller.translate	static_syntax_formatting	0.8870012720
2023-03-24 14:34:11.309319	controller.translate	static_syntax_formatting	0.8766047230
2023-03-24 14:35:42.984016	controller.translate	static_syntax_formatting	1.0296204480
2023-03-24 14:37:12.672219	controller.translate	static_syntax_formatting	0.8760015540
2023-03-24 14:37:41.746221	controller.translate	static_syntax_formatting	0.8857935490
2023-03-24 14:39:28.116806	controller.translate	static_syntax_formatting	0.8855591420
2023-03-24 14:43:24.392429	controller.translate	static_syntax_formatting	0.8838113970
2023-03-24 14:43:37.383568	controller.translate	static_syntax_formatting	0.8595776510
2023-03-24 14:58:18.247867	controller.translate	static_syntax_formatting	0.8006619700
2023-03-24 15:13:24.701269	controller.translate	static_syntax_formatting	0.8217801250
2023-03-24 15:14:38.817630	controller.translate	static_syntax_formatting	0.8031977900
2023-03-24 15:16:07.835835	controller.translate	static_syntax_formatting	0.8308859550
2023-03-24 15:17:04.534204	controller.translate	static_syntax_formatting	0.8168157070
2023-03-24 15:18:48.690831	controller.translate	static_syntax_formatting	0.8066174500
2023-04-03 13:47:53.154570	controller.translate	static_syntax_formatting	0.0000083170
2023-04-03 13:47:56.000552	controller.translate	static_syntax_formatting	0.0000059640
2023-04-03 13:47:56.578386	controller.translate	static_syntax_formatting	0.0000064900
2023-04-03 13:47:59.555402	controller.translate	static_syntax_formatting	0.0000065360
2023-04-03 13:47:59.803573	controller.translate	static_syntax_formatting	0.0000057480
2023-04-03 13:47:59.983843	controller.translate	static_syntax_formatting	0.0000055610
2023-04-03 13:48:00.168889	controller.translate	static_syntax_formatting	0.0000061110
2023-04-03 13:48:00.346231	controller.translate	static_syntax_formatting	0.0000054400
2023-04-03 13:48:00.525217	controller.translate	static_syntax_formatting	0.0000057010
2023-04-03 13:48:00.712489	controller.translate	static_syntax_formatting	0.0000058130
2023-04-03 13:48:00.944349	controller.translate	static_syntax_formatting	0.0000057360
2023-04-03 13:48:01.145916	controller.translate	static_syntax_formatting	0.0000057130
2023-04-08 13:37:15.603582	controller.translate	static_syntax_formatting	0.0000059440
2023-04-08 13:37:18.204508	controller.translate	static_syntax_formatting	0.0000052020
2023-04-08 13:37:20.826576	controller.translate	static_syntax_formatting	0.0000053210
2023-04-10 15:30:57.102559	controller.translate	static_syntax_formatting	0.0000055330
2023-04-10 15:30:59.455372	controller.translate	static_syntax_formatting	0.0000017150
